<?xml version="1.0" encoding="UTF-8"?>
<!-- Generated by org.testng.reporters.JUnitReportReporter -->
<testsuite hostname="FINL9R1CKT3" failures="0" tests="1" name="testCases.BaseClass" time="0.008" errors="0" timestamp="2024-06-29T20:58:17 IST" skipped="0">
  <testcase classname="testCases.BaseClass" name="f" time="0.008"/>
</testsuite> <!-- testCases.BaseClass -->
